
Log started (V22.1.0.0) Tue Sep  6 18:38:30 2022

New value for mixed integer optimality gap tolerance: 0.05
New value for time limit in seconds: 36000

Problem '/tmp/tmp1m44wcnx.pyomo.lp' read.
Read time = 0.13 sec. (12.77 ticks)

Problem name         : /tmp/tmp1m44wcnx.pyomo.lp
Objective sense      : Minimize
Variables            :   96366  [Nneg: 52561,  Box: 35044,  General Integer: 8761]
Objective nonzeros   :   43804
Linear constraints   :  131403  [Less: 78840,  Equal: 52563]
  Nonzeros           :  302275
  RHS nonzeros       :   40516

Variables            : Min LB: 0.000000         Max UB: 700000.0       
Objective nonzeros   : Min   : 0.1195111        Max   : 47814.58       
Linear constraints   :
  Nonzeros           : Min   : 0.001000000      Max   : 15.00000       
  RHS nonzeros       : Min   : 0.2460000        Max   : 104.0000       
Version identifier: 22.1.0.0 | 2022-03-09 | 1a383f8ce
CPXPARAM_TimeLimit                               36000
CPXPARAM_MIP_Tolerances_MIPGap                   0.050000000000000003
Tried aggregator 2 times.
MIP Presolve eliminated 30571 rows and 20017 columns.
MIP Presolve modified 8998 coefficients.
Aggregator did 14889 substitutions.
Reduced MIP has 85943 rows, 61460 columns, and 215807 nonzeros.
Reduced MIP has 1283 binaries, 6967 generals, 0 SOSs, and 0 indicators.
Presolve time = 0.34 sec. (677.43 ticks)
Found incumbent of value 360045.033567 after 0.63 sec. (1146.47 ticks)
Probing fixed 3 vars, tightened 2136 bounds.
Probing time = 0.07 sec. (11.68 ticks)
Tried aggregator 3 times.
Detecting symmetries...
MIP Presolve eliminated 1292 rows and 1292 columns.
MIP Presolve modified 1270 coefficients.
Aggregator did 2560 substitutions.
Reduced MIP has 82091 rows, 57608 columns, and 210657 nonzeros.
Reduced MIP has 1280 binaries, 6967 generals, 0 SOSs, and 0 indicators.
Presolve time = 0.17 sec. (213.72 ticks)
Probing time = 0.03 sec. (3.04 ticks)
MIP emphasis: balance optimality and feasibility.
MIP search method: dynamic search.
Parallel mode: deterministic, using up to 32 threads.
Root relaxation solution time = 1.42 sec. (1548.69 ticks)

        Nodes                                         Cuts/
   Node  Left     Objective  IInf  Best Integer    Best Bound    ItCnt     Gap

*     0+    0                       360045.0336   127178.4727            64.68%
      0     0   212094.3791  5959   360045.0336   212094.3791       41   41.09%
*     0+    0                       280979.1614   212094.3791            24.52%
      0     0   215000.4486  5820   280979.1614    Cuts: 9955    11915   23.48%
      0     0   216670.3647  5204   280979.1614    Cuts: 9973    20817   22.89%
      0     0   217269.6377  4833   280979.1614    Cuts: 9619    26608   22.67%
      0     0   217346.8265  4578   280979.1614    Cuts: 8216    27983   22.65%
      0     0   217358.7943  4571   280979.1614    Cuts: 4323    28466   22.64%
Detecting symmetries...
      0     0   217364.9995  4570   280979.1614    Cuts: 9240    28897   22.64%
      0     0   217391.4550  4558   280979.1614    Cuts: 4766    30341   22.63%
      0     0   217412.1888  4549   280979.1614    Cuts: 7643    30766   22.62%
      0     0   217427.5898  4553   280979.1614    Cuts: 3987    31822   22.62%
*     0+    0                       235896.3947   217427.5898             7.83%
Heuristic still looking.
Heuristic still looking.
Detecting symmetries...
      0     2   217427.5898  4550   235896.3947   217427.5898    31822    7.83%
Elapsed time = 72.05 sec. (128697.38 ticks, tree = 0.02 MB, solutions = 3)
      1     3   217428.8421  4549   235896.3947   217427.5898    31886    7.83%
      2     4   217430.1378  4543   235896.3947   217427.5898    32368    7.83%
      3     5   217431.9579  4544   235896.3947   217427.5898    32656    7.83%
      4     6   217432.4659  4543   235896.3947   217427.5898    33072    7.83%
      6     7   217434.1883  4543   235896.3947   217427.5898    33180    7.83%
      9    11   217435.3105  4540   235896.3947   217427.5898    33778    7.83%
     16    18   217440.5466  4531   235896.3947   217427.5898    34095    7.83%
     33    27   217438.6362  4540   235896.3947   217427.5898    34995    7.83%
     64    48   217461.8763  4531   235896.3947   217427.5898    38043    7.83%
    339   293   226038.2546  2472   235896.3947   217430.1621    65908    7.83%
Elapsed time = 87.37 sec. (132995.85 ticks, tree = 5.00 MB, solutions = 3)
    391   340   225734.5893  2338   235896.3947   217432.4659    77971    7.83%
    503   428   225754.3239  2319   235896.3947   217432.4659   109341    7.83%
    626    50   224938.9368  3711   235896.3947   217437.1379    47011    7.83%
    726   654   221338.2745  3219   235896.3947   217437.1379   269341    7.83%
    868   705   221317.4044  3223   235896.3947   217437.1379   309342    7.83%
   1014   876   228715.4437  2008   235896.3947   217437.1379   445698    7.83%
   1127   940   221333.8155  3206   235896.3947   217437.1379   506272    7.83%
   1421  1068   226065.8640  2419   235896.3947   217437.1379   544044    7.83%
   1634  1233   228716.8203  2013   235896.3947   217437.1379   594589    7.83%
   1908  1572   226074.0837  2410   235896.3947   217437.1379   618234    7.83%
Elapsed time = 165.57 sec. (142590.94 ticks, tree = 28.84 MB, solutions = 3)
   2216  1852   228301.0901  2013   235896.3947   217437.1379   632214    7.83%
   2535  2313   223229.3484  2692   235896.3947   217437.1379   672636    7.83%
*  2568+  842                       235029.0450   217437.1379             7.48%
*  2825+ 1136                       234929.5419   217437.1379             7.45%
   2835  2346   223239.1619  2716   234929.5419   217437.1379   685166    7.45%
*  2929+ 1101                       234906.6879   217437.1379             7.44%
   3078  2767   223653.9837  2700   234906.6879   217437.1379   723160    7.44%
   3207  2796   229793.6538  1942   234906.6879   217437.1379   732926    7.44%
   3262  2927   223686.8833  2668   234906.6879   217437.1379   739876    7.44%
*  3303+ 2751                       234527.8225   217437.1379             7.29%
   3326  2983   227599.5754  2138   234527.8225   217437.1379   741184    7.29%
   3408  3063   223208.8311  2707   234527.8225   217437.1379   744758    7.29%
*  3437+ 2779                       234516.2471   217437.1379             7.28%
   3471  3127   228743.2075  1974   234516.2471   217437.1379   746985    7.28%
   3527  3180   228759.9966  1962   234516.2471   217437.1379   747888    7.28%
Elapsed time = 254.30 sec. (152236.46 ticks, tree = 68.10 MB, solutions = 6)
   3561  3251   228746.5006  1971   234516.2471   217437.1379   749308    7.28%
   3646  3313   227154.5149  2274   234516.2471   217437.1379   750455    7.28%
   3739  3310   228775.2251  1980   234516.2471   217437.1379   750338    7.28%
   3867  3425   226592.0723  2265   234516.2471   217437.1379   754746    7.28%
   4097  3524   227162.7382  2260   234516.2471   217437.1379   758639    7.28%
   4373  3918   226535.6882  2322   234516.2471   217437.1379   769807    7.28%
   4610  3714   233001.4446  1836   234516.2471   217437.1379   766523    7.28%
   4939  4101   226568.8426  2267   234516.2471   217437.1379   775210    7.28%
   5241  4197   228057.8671  2059   234516.2471   217437.1379   780522    7.28%
   5547  4895   223464.8588  2604   234516.2471   217437.1379   811702    7.28%
Elapsed time = 332.63 sec. (161810.38 ticks, tree = 115.35 MB, solutions = 13)
   5736  4841   227692.7513  2129   234516.2471   217437.1379   808848    7.28%
   5822  5005   228790.0737  1903   234516.2471   217437.1379   816675    7.28%

Performing restart 1

Repeating presolve.
Tried aggregator 1 time.
MIP Presolve modified 506 coefficients.
Reduced MIP has 82091 rows, 57608 columns, and 210657 nonzeros.
Reduced MIP has 1280 binaries, 6967 generals, 0 SOSs, and 0 indicators.
Presolve time = 0.17 sec. (209.20 ticks)
Tried aggregator 1 time.
Reduced MIP has 82091 rows, 57608 columns, and 210657 nonzeros.
Reduced MIP has 1280 binaries, 6967 generals, 0 SOSs, and 0 indicators.
Presolve time = 0.22 sec. (243.19 ticks)
Represolve time = 0.58 sec. (593.85 ticks)
   5827     0   217647.8794  4418   234516.2471    Cuts: 9052   904323    7.19%
   5827     0   217703.0029  4413   234516.2471    Cuts: 5739   905519    7.17%
   5827     0   217715.1754  4408   234516.2471    Cuts: 8383   905811    7.16%
   5827     0   217725.5521  4403   234516.2471    Cuts: 6903   906063    7.16%
   5827     0   217732.7491  4404   234516.2471    Cuts: 4674   906481    7.16%
   5827     0   217738.4420  4410   234516.2471    Cuts: 8766   906683    7.15%
   5827     0   217750.2079  4402   234516.2471    Cuts: 8148   906894    7.15%
   5827     0   217756.4598  4405   234516.2471    Cuts: 6201   907063    7.15%
   5827     0   217766.1507  4402   234516.2471    Cuts: 5109   907285    7.14%
   5827     0   217772.7796  4402   234516.2471    Cuts: 4781   907646    7.14%
   5827     0   217844.5830  4364   234516.2471    Cuts: 9052   909126    7.11%
   5827     0   217856.5336  4430   234516.2471    Cuts: 6828   909755    7.10%
   5827     0   217868.4473  4434   234516.2471    Cuts: 4564   910702    7.10%
   5827     0   217876.4608  4425   234516.2471    Cuts: 4294   911085    7.10%
   5827     0   217880.8676  4421   234516.2471    Cuts: 6567   911314    7.09%
   5827     0   217882.9866  4420   234516.2471    Cuts: 7076   911503    7.09%
   5827     0   217886.3840  4420   234516.2471    Cuts: 5131   911738    7.09%
*  5827+    0                       234199.7759   217886.3840             6.97%
   5827     2   217886.3840  4420   234199.7759   217886.3840   911738    6.97%
   5855    30   217925.5939  4410   234199.7759   217888.3844   912061    6.96%
   5862     7   222756.7336  2878   234199.7759   217888.3844   920463    6.96%
   5880    23   223190.7533  2810   234199.7759   217888.3844   921273    6.96%
   5912    58   222187.7240  2972   234199.7759   217888.3844   982395    6.96%
   5966    76   223990.9983  2720   234199.7759   217888.3844  1011003    6.96%
   5993   120   222976.3837  2804   234199.7759   217888.3844  1011826    6.96%
   6020   144   222839.1808  2822   234199.7759   217888.3844  1014014    6.96%
Elapsed time = 595.55 sec. (428339.50 ticks, tree = 21.97 MB, solutions = 16)
   6026    31   219225.4988  4153   234199.7759   217888.3844   917206    6.96%
   6061    32   228455.3409  1873   234199.7759   217888.3844   924797    6.96%
   6098   171   228474.7977  1851   234199.7759   217888.3844  1065690    6.96%
   6146   204   222764.9241  2866   234199.7759   217888.3844  1094811    6.96%
   6197   254   226973.1074  2201   234199.7759   217888.3844  1113395    6.96%
   6243   226   219259.8103  4144   234199.7759   217888.3844  1112763    6.96%
   6299   334   222621.8079  2866   234199.7759   217888.3844  1127067    6.96%
   6314   342   223779.3821  2732   234199.7759   217888.3844  1127825    6.96%
   6371   412   221755.7762  3069   234199.7759   217888.3844  1169340    6.96%
   6395   470   222182.3451  2963   234199.7759   217891.3603  1226926    6.96%
Elapsed time = 691.62 sec. (439058.58 ticks, tree = 194.94 MB, solutions = 16)
   6429   492   222725.6671  2885   234199.7759   217897.0142  1276491    6.96%
   6474    11   222963.5249  2846   234199.7759   217902.4180   923532    6.96%
   6533   545   222013.9144  2987   234199.7759   217914.0739  1326554    6.95%
   6554   571   225032.8654  2495   234199.7759   217934.2437  1367667    6.95%
   6570   593   225949.0822  2328   234199.7759   217934.2437  1378395    6.95%
   6580   558   227231.6450  2155   234199.7759   217934.2437  1345593    6.95%
   6594   638   223598.0924  2758   234199.7759   217934.2437  1396792    6.95%
   6601   523   224235.2792  2546   234199.7759   217934.2437  1309411    6.95%
   6628   609   223202.9467  2799   234199.7759   217934.2437  1380226    6.95%
   6662   698   222730.3323  2878   234199.7759   217934.2437  1446086    6.95%
Elapsed time = 781.39 sec. (448879.82 ticks, tree = 352.35 MB, solutions = 16)
   6672   663   222995.1044  2839   234199.7759   217934.2437  1406021    6.95%
   6695   713   222205.0955  2936   234199.7759   217934.2437  1448856    6.95%
   6711   665   229005.9082  1941   234199.7759   217934.2437  1431838    6.95%
   6731   750   222973.1894  2835   234199.7759   217934.2437  1484567    6.95%
   6747   784   222861.7841  2798   234199.7759   217934.2437  1491829    6.95%
   6767   752   223681.0134  2743   234199.7759   217934.2437  1485954    6.95%
   6779   786   224442.5029  2649   234199.7759   217934.2437  1498214    6.95%
   6817   840   229749.4442  1705   234199.7759   217934.2437  1507777    6.95%
   6832   574   225034.3431  2492   234199.7759   217934.2437  1367674    6.95%
   6871   840   224752.2301  2665   234199.7759   217934.2437  1508339    6.95%
Elapsed time = 862.59 sec. (458949.51 ticks, tree = 447.95 MB, solutions = 16)
   6904   875   228488.4063  1833   234199.7759   217934.2437  1513553    6.95%
   6956   855   223975.8931  2725   234199.7759   217934.2437  1509386    6.95%
   7024   943   223219.2785  2771   234199.7759   217934.2437  1536321    6.95%
   7107   942   222784.3192  2858   234199.7759   217934.2437  1537059    6.95%
   7154  1059   229763.3431  1687   234199.7759   217934.2437  1553143    6.95%
   7204   742   227661.2290  2013   234199.7759   217934.2437  1486093    6.95%
   7231  1060   222846.7183  2852   234199.7759   217934.2437  1558831    6.95%
   7285  1068   222854.6162  2844   234199.7759   217934.2437  1559547    6.95%
   7320  1125   222669.8748  2878   234199.7759   217934.2437  1586428    6.95%
   7382  1266   222815.1199  2818   234199.7759   217934.2437  1612052    6.95%
Elapsed time = 935.85 sec. (468704.18 ticks, tree = 762.51 MB, solutions = 16)
   7473  1332   223405.6089  2746   234199.7759   217934.2437  1628073    6.95%
   7557  1349   223394.7438  2757   234199.7759   217934.2437  1639920    6.95%
   7684  1250   228532.0279  1797   234199.7759   217934.2437  1607241    6.95%
   7796  1377   229765.1564  1674   234199.7759   217934.2437  1648750    6.95%
   7875  1289   222702.0750  2841   234199.7759   217934.2437  1615885    6.95%
   7975  1290   223795.2571  2720   234199.7759   217934.2437  1616661    6.95%
   8025  1548   226528.5086  2275   234199.7759   217934.2437  1676284    6.95%
   8123  1778   223544.1917  2703   234199.7759   217934.2437  1728258    6.95%
   8187  1902   224004.4632  2689   234199.7759   217934.2437  1747116    6.95%
   8612  2001   223991.8139  2701   234199.7759   217934.2437  1769762    6.95%
Elapsed time = 1017.36 sec. (481224.39 ticks, tree = 1404.97 MB, solutions = 16)
   9150  2184   223501.5209  2731   234199.7759   217934.2437  1805037    6.95%
   9696  2558   229790.2882  1639   234199.7759   217934.2437  1890253    6.95%
  10231  3372   229799.8352  1626   234199.7759   217934.2437  2050455    6.95%
  10777  3236   223522.7700  2712   234199.7759   217934.2437  2014370    6.95%
  11261  4246   224476.1128  2469   234199.7759   217934.2437  2171137    6.95%
  11762  5046   228603.6193  1675   234199.7759   217934.2437  2282321    6.95%
  12149  5643   223851.2518  2625   234199.7759   217934.2437  2399618    6.95%
  12621  6079   222892.2848  2720   234199.7759   217934.2437  2483370    6.95%
  12936  6712   223432.9341  2703   234199.7759   217934.2437  2581930    6.95%
  13203  6884   223428.8843  2610   234199.7759   217934.2437  2607658    6.95%
Elapsed time = 1269.97 sec. (519430.76 ticks, tree = 5672.77 MB, solutions = 16)
Nodefile size = 3594.96 MB (3272.41 MB after compression)
  13656  7145   222517.3361  2844   234199.7759   217934.2437  2681533    6.95%
  14229  7619   223438.8342  2597   234199.7759   217934.2437  2745291    6.95%
  14711  7534   226613.8961  2117   234199.7759   217934.2437  2729966    6.95%
  15026  8110   230064.6988  1352   234199.7759   217934.2437  2811483    6.95%
  15324  8086   223506.7659  2575   234199.7759   217934.2437  2831315    6.95%
  15518  9384   228650.9488  1609   234199.7759   217934.2437  3039618    6.95%
  16020  9424   230130.8500  1288   234199.7759   217934.2437  3040590    6.95%
  16372  9628   224096.8355  2550   234199.7759   217934.2437  3099171    6.95%
  16656 10106   223555.9042  2560   234199.7759   217934.2437  3210521    6.95%
  16988 10395   222561.1913  2784   234199.7759   217934.2437  3230857    6.95%
Elapsed time = 1540.46 sec. (557700.28 ticks, tree = 8757.43 MB, solutions = 16)
Nodefile size = 6681.04 MB (6115.77 MB after compression)
  17304 10507   223703.3676  2485   234199.7759   217934.2437  3246737    6.95%
  17663 10514   224897.0785  2279   234199.7759   217934.2437  3269629    6.95%
  18003 11565   228701.1347  1519   234199.7759   217934.2437  3402632    6.95%
  18355 11966   224124.5699  2529   234199.7759   217934.2437  3476876    6.95%
  18638 11770   223602.8951  2580   234199.7759   217934.2437  3447810    6.95%
  18851 12388   228705.3978  1501   234199.7759   217934.2437  3581981    6.95%
  19017 12775   223343.9438  2573   234199.7759   217934.2437  3666212    6.95%
  19171 12989   223611.0156  2574   234199.7759   217934.2437  3716008    6.95%
  19357 13180   224138.4389  2497   234199.7759   217934.2437  3753645    6.95%
  19523 12932   225046.2916  2226   234199.7759   217934.2437  3698349    6.95%
Elapsed time = 1788.85 sec. (595971.53 ticks, tree = 11023.90 MB, solutions = 16)
Nodefile size = 8956.68 MB (8217.72 MB after compression)
  19709 13034   230394.8304  1806   234199.7759   217934.2437  3730944    6.95%
  19866 13622   225173.5889  2285   234199.7759   217934.2437  3840295    6.95%
  20086 13814   222788.8786  2640   234199.7759   217934.2437  3895682    6.95%
  20282 13889   225033.6463  2215   234199.7759   217934.2437  3913377    6.95%
  20545 14081   230234.2571  1332   234199.7759   217934.2437  3949850    6.95%
  20782 14118   224001.4277  2434   234199.7759   217934.2437  3966262    6.95%
  20950 14543   223273.2563  2602   234199.7759   217934.2437  4023443    6.95%
  21191 14753   230379.8379  1121   234199.7759   217934.2437  4065059    6.95%
  21487 14815   230440.8130  1088   234199.7759   217934.2437  4066050    6.95%
  21852 14966   223734.6170  2419   234199.7759   217934.2437  4095037    6.95%
Elapsed time = 2072.93 sec. (634310.56 ticks, tree = 12838.57 MB, solutions = 16)
Nodefile size = 10732.03 MB (9859.22 MB after compression)
  22236 15775   224008.3790  2428   234199.7759   217934.2437  4240089    6.95%
  22704 15628   224210.1359  2346   234199.7759   217934.2437  4222822    6.95%
  23321 15976   228596.2046  1514   234199.7759   217934.2437  4249258    6.95%
  23774 16739   224691.6855  2415   234199.7759   217934.2437  4368915    6.95%
  24067 17515   228894.0909  1288   234199.7759   217934.2437  4447645    6.95%
  24338 17568   228924.0216  1256   234199.7759   217934.2437  4448235    6.95%
  24647 17706   230317.9112  1238   234199.7759   217934.2437  4458531    6.95%
  24814 18041   225321.8640  2194   234199.7759   217934.2437  4543958    6.95%
  25058 18400   225212.5744  2228   234199.7759   217934.2437  4610973    6.95%
  25185 18920   230333.9813  1225   234199.7759   217934.2437  4736926    6.95%
Elapsed time = 2335.33 sec. (672560.63 ticks, tree = 16367.23 MB, solutions = 16)
Nodefile size = 14309.80 MB (13163.01 MB after compression)
  25478 19157   223406.8569  2447   234199.7759   217934.2437  4803815    6.95%
  25773 19021   227083.8148  1593   234199.7759   217934.2437  4750413    6.95%
  26057 19186   223393.9157  2464   234199.7759   217934.2437  4797632    6.95%
  26476 19141   226587.0817  2256   234199.7759   217934.2437  4794123    6.95%
  26737 19718   223678.3723  2393   234199.7759   217934.2437  4893480    6.95%
  27132 20440   229114.6117  1120   234199.7759   217934.2437  5058178    6.95%
  27587 20281   230484.2396  1089   234199.7759   217934.2437  5004907    6.95%
  27875 20534   223681.9817  2259   234199.7759   217934.2437  5079034    6.95%
  28277 21068   230565.4172  1034   234199.7759   217934.2437  5137047    6.95%
  28669 21299   230727.2468   837   234199.7759   217934.2437  5206742    6.95%
Elapsed time = 2615.30 sec. (710797.64 ticks, tree = 18504.02 MB, solutions = 16)
Nodefile size = 16362.81 MB (15059.03 MB after compression)
  29110 21958   223892.3814  2207   234199.7759   217934.2437  5292427    6.95%
  29336 22283   227130.5120  1507   234199.7759   217934.2437  5328263    6.95%
  29624 22985   224077.8723  2271   234199.7759   217934.2437  5425997    6.95%
  30009 22909   230770.1279   777   234199.7759   217934.2437  5403954    6.95%
  30328 23190   229345.5119   936   234199.7759   217934.2437  5444917    6.95%
  30532 23935   229347.9118   928   234199.7759   217934.2437  5582277    6.95%
  30769 24183   230686.9836   956   234199.7759   217934.2437  5601218    6.95%
  31044 24202   230693.8507   946   234199.7759   217934.2437  5601727    6.95%
  31367 24528   223867.6218  2273   234199.7759   217934.2437  5684766    6.95%
  31913 25134   224047.5470  2300   234199.7759   217934.2437  5800904    6.95%
Elapsed time = 2871.79 sec. (749044.82 ticks, tree = 21937.53 MB, solutions = 16)
Nodefile size = 19874.40 MB (18300.85 MB after compression)
  32452 25147   224233.1316  2281   234199.7759   217934.2437  5803814    6.95%
  32837 26071   223178.7344  2530   234199.7759   217934.2437  5948658    6.95%
  33283 26478   224329.2192  2195   234199.7759   217934.2437  6002822    6.95%
  33673 27029   224216.3018  2356   234199.7759   217934.2437  6113694    6.95%
  33954 27513   225541.9587  1991   234199.7759   217934.2437  6178071    6.95%
  34251 27465   223657.1621  2403   234199.7759   217934.2437  6172100    6.95%
  34490 27870   225258.9016  2157   234199.7759   217934.2437  6278023    6.95%
  34805 28160   223971.8217  2090   234199.7759   217934.2437  6304999    6.95%
  35019 27778   224413.5971  2100   234199.7759   217934.2437  6253796    6.95%
  35439 28388   223485.6488  2301   234199.7759   217934.2437  6342570    6.95%
Elapsed time = 3142.83 sec. (787321.05 ticks, tree = 24855.10 MB, solutions = 16)
Nodefile size = 22771.70 MB (20980.90 MB after compression)
  35770 28682   230962.0467   743   234199.7759   217934.2437  6403598    6.95%
  36116 29240   223806.7202  2092   234199.7759   217934.2437  6485634    6.95%
  36357 29099   227470.2599  1623   234199.7759   217934.2437  6462643    6.95%
  36781 30137   224240.9094  2058   234199.7759   217934.2437  6644611    6.95%
  37127 29621   224449.8811  2042   234199.7759   217934.2437  6543529    6.95%
  37533 30479   222747.4910  2479   234199.7759   217934.2437  6704109    6.95%
  37850 30434   227219.0021  1393   234199.7759   217934.2437  6696857    6.95%
  38085 30672   231035.5141   670   234199.7759   217934.2437  6717311    6.95%
  38350 31756   223877.6014  2013   234199.7759   217934.2437  6939784    6.95%
  38660 32125   230920.4497   608   234199.7759   217934.2437  6981371    6.95%
Elapsed time = 3406.90 sec. (825556.55 ticks, tree = 28205.74 MB, solutions = 16)
Nodefile size = 26116.70 MB (24076.75 MB after compression)
  39035 32474   224087.1311  1969   234199.7759   217934.2437  7046008    6.95%
  39431 32383   223855.6490  2201   234199.7759   217934.2437  7036784    6.95%
  39858 32612   224118.2758  2196   234199.7759   217934.2437  7093752    6.95%
  40144 33414   223933.4021  2165   234199.7759   217934.2437  7198906    6.95%
  40486 33528   223101.6164  2397   234199.7759   217934.2437  7214624    6.95%
  40858 33230   223726.2768  2292   234199.7759   217934.2437  7171346    6.95%
  41209 34516   224298.6817  2229   234199.7759   217934.2437  7396715    6.95%
  41667 34092   229532.8113   672   234199.7759   217934.2437  7309934    6.95%
  41914 34944   224141.2958  2168   234199.7759   217934.2437  7503981    6.95%
  42301 34592   222939.3011  2420   234199.7759   217934.2437  7425199    6.95%
Elapsed time = 3674.19 sec. (863859.85 ticks, tree = 30428.24 MB, solutions = 16)
Nodefile size = 28352.56 MB (26144.98 MB after compression)
  42673 35762   223793.0824  2096   234199.7759   217934.2437  7662080    6.95%
  43014 35466   231031.7756   487   234199.7759   217934.2437  7561194    6.95%
  43430 36724   223343.5691  2300   234199.7759   217934.2437  7799791    6.95%
  43923 36092   224521.0276  1949   234199.7759   217934.2437  7741185    6.95%
  44280 36317   224184.3611  2103   234199.7759   217934.2437  7768245    6.95%
  44541 37001   228676.3252  1313   234199.7759   217934.2437  7877201    6.95%
  44875 37359   223707.1702  2321   234199.7759   217934.2437  7975670    6.95%
  45080 37561   224446.8039  1849   234199.7759   217934.2437  8022370    6.95%
  45448 38537   229595.7792   586   234199.7759   217934.2437  8150676    6.95%
  45746 38898   231071.5499   449   234199.7759   217934.2437  8214654    6.95%
Elapsed time = 3970.02 sec. (902346.14 ticks, tree = 34288.72 MB, solutions = 16)
Nodefile size = 32219.12 MB (29720.69 MB after compression)
  45987 38631   223993.7334  1903   234199.7759   217934.2437  8162405    6.95%
  46195 39479   223409.3659  2459   234199.7759   217934.2437  8310507    6.95%
  46396 39709   224376.8386  1906   234199.7759   217934.2437  8337682    6.95%
  46748 40169   224625.7092  1858   234199.7759   217934.2437  8420853    6.95%
  47042 40284   224552.3248  1908   234199.7759   217934.2437  8444299    6.95%
  47382 40382   223751.2620  2072   234199.7759   217934.2437  8452318    6.95%
  47830 41072   231214.4766   461   234199.7759   217934.2437  8580853    6.95%
  48192 41084   223143.5505  2329   234199.7759   217934.2437  8600215    6.95%
  48464 41771   225830.0594  1671   234199.7759   217934.2437  8742449    6.95%
  48776 41275   226527.7266  1627   234199.7759   217934.2437  8615672    6.95%
Elapsed time = 4227.74 sec. (940583.54 ticks, tree = 36418.79 MB, solutions = 16)
Nodefile size = 34315.71 MB (31659.23 MB after compression)
  49146 41789   223419.9845  2440   234199.7759   217934.2437  8757075    6.95%
  49480 42446   231272.7762   400   234199.7759   217934.2437  8819310    6.95%
  49720 42263   224486.8169  1793   234199.7759   217934.2437  8820672    6.95%
  50103 42687   231180.6321   360   234199.7759   217934.2437  8848369    6.95%
  50510 43387   229704.4991   465   234199.7759   217934.2437  9069350    6.95%
  50887 43984   224440.8091  1714   234199.7759   217934.2437  9182618    6.95%
  51285 43183   224048.6199  2001   234199.7759   217934.2437  9052036    6.95%
  51648 44170   223803.2097  2000   234199.7759   217934.2437  9246252    6.95%
  52047 44083   223016.2600  2311   234199.7759   217934.2437  9234834    6.95%
  52382 44742   229839.2745   421   234199.7759   217934.2437  9329434    6.95%
Elapsed time = 4493.45 sec. (978805.85 ticks, tree = 39543.10 MB, solutions = 16)
Nodefile size = 37371.43 MB (34486.91 MB after compression)
  52746 45342   223998.2094  2012   234199.7759   217934.2437  9423427    6.95%
  53048 45500   225878.7539  1602   234199.7759   217934.2437  9474083    6.95%
  53317 45720   227557.8578  1069   234199.7759   217934.2437  9494630    6.95%
  53621 46515   231363.1146   310   234199.7759   217934.2437  9586934    6.95%
  53887 46300   224099.3568  1758   234199.7759   217934.2437  9576404    6.95%
  54157 47075   223815.3474  1979   234199.7759   217934.2437  9729903    6.95%
  54519 47026   224295.1560  1957   234199.7759   217934.2437  9705382    6.95%
  54831 47750   231331.7951   270   234199.7759   217934.2437  9817643    6.95%
  55137 47933   224747.8944  1670   234199.7759   217934.2437  9888675    6.95%
  55633 48491   224548.1901  1728   234199.7759   217934.2437 10057930    6.95%
Elapsed time = 4761.70 sec. (1017081.87 ticks, tree = 42901.65 MB, solutions = 16)
Nodefile size = 40817.63 MB (37677.36 MB after compression)
  55960 48923   229895.0347   340   234199.7759   217934.2437 10084096    6.95%
  56453 48527   223203.6579  2222   234199.7759   217934.2437 10074876    6.95%
  56984 48877   231395.8791   215   234199.7759   217934.2437 10078554    6.95%
  57356 49165   229966.9441   290   234199.7759   217934.2437 10088405    6.95%
  57655 49202   224786.7079  1473   234199.7759   217934.2437 10144746    6.95%
  57848 50881   224752.1887  1762   234199.7759   217934.2437 10362677    6.95%
  57982 49639   224465.3458  2007   234199.7759   217934.2437 10241243    6.95%
  58191 49973   231440.5208   179   234199.7759   217934.2437 10258110    6.95%
  58371 50984   224565.6756  1601   234199.7759   217934.2437 10400145    6.95%
  58583 51253   223996.9141  1969   234199.7759   217934.2437 10451306    6.95%
Elapsed time = 5056.48 sec. (1055352.32 ticks, tree = 45483.95 MB, solutions = 16)
Nodefile size = 43381.11 MB (40049.35 MB after compression)
  58822 51409   224326.6832  1927   234199.7759   217934.2437 10477780    6.95%
  58943 51672   231466.5884   162   234199.7759   217934.2437 10500632    6.95%
  59096 52633   223247.8227  2181   234199.7759   217934.2437 10687215    6.95%
  59200 52730   224189.4339  1661   234199.7759   217934.2437 10716586    6.95%
  59376 52873   223874.8862  2104   234199.7759   217934.2437 10744550    6.95%
  59557 52903   223409.5538  2106   234199.7759   217934.2437 10763878    6.95%
  59821 53269   231492.2857   147   234199.7759   217934.2437 10873324    6.95%
  60079 53215   224376.1703  1881   234199.7759   217934.2437 10848401    6.95%
* 60320+50677                       232323.6201   217934.2437             6.19%
  60390 53461   226097.2203  1776   232323.6201   217934.2437 10946459    6.19%
  60585 53812   224133.1766  1875   232323.6201   217934.2437 11019632    6.19%
Elapsed time = 5382.58 sec. (1093727.15 ticks, tree = 47766.64 MB, solutions = 16)
Nodefile size = 45687.58 MB (42189.43 MB after compression)
  60849 53850   223432.5485  2079   232323.6201   217934.2437 11035051    6.19%
  61133 53819   224138.2627  1875   232323.6201   217934.2437 11024375    6.19%
  61466 54050   225827.6551  1423   232323.6201   217934.2437 11061648    6.19%
  61722 54505   223285.7007  2140   232323.6201   217934.2437 11195405    6.19%
  61991 54785   221819.9658  3209   232323.6201   217934.2437 11272636    6.19%
  62125 54810   227467.4041  1481   232323.6201   217934.2437 11292729    6.19%
  62316 55421   231566.0051    90   232323.6201   217934.2437 11357665    6.19%
  62519 54627   226208.8563  1364   232323.6201   217934.2437 11220460    6.19%
  62720 55772   224855.4843  1625   232323.6201   217934.2437 11415620    6.19%
  62962 55481   223862.8363  2118   232323.6201   217934.2437 11370486    6.19%
Elapsed time = 5699.36 sec. (1132016.03 ticks, tree = 49285.94 MB, solutions = 16)
Nodefile size = 47169.42 MB (43562.77 MB after compression)
  63170 55887   227587.4576  1466   232323.6201   217934.2437 11439465    6.19%
  63412 56867   224708.7201  1569   232323.6201   217934.2437 11618412    6.19%
  63653 56587   231638.1644    43   232323.6201   217934.2437 11541832    6.19%
  63909 56720   224584.8618  1888   232323.6201   217934.2437 11576267    6.19%
  64267 56857   223994.2748  1820   232323.6201   217934.2437 11608838    6.19%
  64610 57090   224117.4446  1880   232323.6201   217934.2437 11648580    6.19%
  64853 57224   224921.6572  1577   232323.6201   217934.2437 11674942    6.19%
  65142 57216   225876.7067  1349   232323.6201   217934.2437 11702179    6.19%
  65498 57590   231690.7445     8   232323.6201   217934.2437 11718315    6.19%
  65822 58694   231768.3803     3   232323.6201   217934.2437 11910162    6.19%
Elapsed time = 6031.20 sec. (1170365.36 ticks, tree = 52212.30 MB, solutions = 16)
Nodefile size = 50079.99 MB (46264.17 MB after compression)
* 65982 58714      integral     0   231776.4951   217934.2437 11910376    5.97%
* 66000 58866      integral     0   231775.9606   217934.2437 11982604    5.97%
* 66028 58926      integral     0   231775.0033   217934.2437 11999071    5.97%
  66309 59132   223966.3820  2020   231775.0033   217934.2437 11965139    5.97%
  66488 59237   225908.4924  1301   231775.0033   217934.2437 12091894    5.97%
  66734 59166   224251.7994  1780   231775.0033   217934.2437 12083994    5.97%
  66943 59001   224325.7246  1501   231775.0033   217934.2437 12027109    5.97%
  67181 60117   223549.2330  1966   231775.0033   217934.2437 12250678    5.97%
  67391 59536   225987.2375  1755   231775.0033   217934.2437 12154569    5.97%
  67616 59293   222401.6593  2395   231775.0033   217934.2437 12116223    5.97%
Elapsed time = 6310.68 sec. (1201095.97 ticks, tree = 52998.64 MB, solutions = 20)
Nodefile size = 50944.30 MB (47069.12 MB after compression)
  67763 60716   226419.8108  1325   231775.0033   217934.2437 12393969    5.97%
  68039 60870   226924.9105  1277   231775.0033   217934.2437 12424650    5.97%
  68129 60285   227597.1668  1377   231775.0033   217934.2437 12302995    5.97%
  68343 60440   224065.2411  1740   231775.0033   217934.2437 12327022    5.97%
  68465 61299   224997.9041  1823   231775.0033   217934.2437 12557627    5.97%
  68566 61231   224397.8441  2630   231775.0033   217934.2437 12536058    5.97%
  68667 61635   226953.6474  1244   231775.0033   217934.2437 12636806    5.97%
  68792 61502   226905.3336  1417   231775.0033   217934.2437 12603364    5.97%
  69074 61531   226911.2993  1409   231775.0033   217934.2437 12603552    5.97%
  69321 61867   224793.5556  1454   231775.0033   217934.2437 12723174    5.97%
Elapsed time = 6635.11 sec. (1239436.57 ticks, tree = 55629.19 MB, solutions = 20)
Nodefile size = 53516.82 MB (49458.22 MB after compression)
  69499 61729   224976.4856  1514   231775.0033   217934.2437 12672306    5.97%
  69717 62578   226976.7649  1217   231775.0033   217934.2437 12884299    5.97%
  69968 62733   224806.9930  1425   231775.0033   217934.2437 12910684    5.97%
  70188 61998   231147.2948  1347   231775.0033   217934.2437 12758060    5.97%
  70463 62417   229623.4791  1094   231775.0033   217934.2437 12843887    5.97%
  70784 62819   224926.0001  1363   231775.0033   217934.2437 12927349    5.97%
  71027 62831   224932.5113  1357   231775.0033   217934.2437 12930933    5.97%
  71371 63542   226482.0498  1256   231775.0033   217934.2437 13080317    5.97%
  71688 63302   226191.3170  1617   231775.0033   217934.2437 13030516    5.97%
  71888 63582   227011.0028  1255   231775.0033   217934.2437 13063559    5.97%
Elapsed time = 6957.52 sec. (1277670.06 ticks, tree = 57227.45 MB, solutions = 20)
Nodefile size = 55052.67 MB (50886.98 MB after compression)
  72254 64479   224624.6436  1628   231775.0033   217934.2437 13267599    5.97%
  72501 65116   226491.2684  1242   231775.0033   217934.2437 13350035    5.97%
  72661 64865   227023.0647  1233   231775.0033   217934.2437 13308195    5.97%
  72946 64501   225333.8805  1574   231775.0033   217934.2437 13275706    5.97%
  73172 65609   225020.3076  1458   231775.0033   217934.2437 13436178    5.97%
  73434 65078   230401.0011   776   231775.0033   217934.2437 13348100    5.97%
  73642 65817   230390.4480  1510   231775.0033   217934.2437 13461194    5.97%
  73903 65829   230396.3497  1502   231775.0033   217934.2437 13461787    5.97%
  74096 66509   227116.4380  1034   231775.0033   217934.2437 13621292    5.97%
  74368 66384   226517.4864  1211   231775.0033   217934.2437 13616352    5.97%
Elapsed time = 7280.87 sec. (1315966.34 ticks, tree = 59830.12 MB, solutions = 20)
Nodefile size = 57747.69 MB (53392.61 MB after compression)
  74851 67043   231442.8803  1377   231775.0033   217934.2437 13683499    5.97%
  75149 67110   231477.1661  1346   231775.0033   217934.2437 13684455    5.97%
  75448 67183   231515.9208  1299   231775.0033   217934.2437 13685269    5.97%
  75775 67845   227144.7343  1003   231775.0033   217934.2437 13822465    5.97%
  75962 67869   227151.8327   997   231775.0033   217934.2437 13825220    5.97%
  76396 68623   231573.3056  1250   231775.0033   217934.2437 13932996    5.97%
  76830 69047   227102.5158  1096   231775.0033   217934.2437 13983699    5.97%
  77270 69031   225335.3168  2398   231775.0033   217934.2437 13997044    5.97%
  77538 69298   224495.1364  1723   231775.0033   217934.2437 14080371    5.97%
  77792 68857   231705.1127  1151   231775.0033   217934.2437 13938039    5.97%
Elapsed time = 7594.75 sec. (1354180.92 ticks, tree = 62131.00 MB, solutions = 20)
Nodefile size = 59831.06 MB (55331.99 MB after compression)
  78120 69848   227929.9497  1053   231775.0033   217934.2437 14169518    5.97%
  78418 69166   224775.6049  1838   231775.0033   217934.2437 14030956    5.97%
  78653 69958   225095.5764  1195   231775.0033   217934.2437 14199539    5.97%
  78865 70205   225134.5170  1154   231775.0033   217934.2437 14218573    5.97%
  79164 70751   227879.7720  1131   231775.0033   217934.2437 14254320    5.97%
  79334 71231   230847.8066  1013   231775.0033   217934.2437 14367395    5.97%
  79463 71427   227226.7915   920   231775.0033   217934.2437 14421742    5.97%
  79616 71320   226131.0192  1048   231775.0033   217934.2437 14392426    5.97%
  79804 71527   226658.5502  1074   231775.0033   217934.2437 14454580    5.97%
  79880 71745   225166.1043  1130   231775.0033   217934.2437 14480765    5.97%
Elapsed time = 7925.66 sec. (1392581.00 ticks, tree = 64816.39 MB, solutions = 20)
Nodefile size = 62719.08 MB (58017.11 MB after compression)
  79910 71765   225174.3344  1117   231775.0033   217934.2437 14480902    5.97%
  79929 71976   227868.4497   919   231775.0033   217934.2437 14533914    5.97%
  79943 73203   220235.1312  3614   231775.0033   217934.2437 14827016    5.97%
  79956 72541   220118.2202  3768   231775.0033   217934.2437 14653031    5.97%
  79964 72583   224263.3331  2724   231775.0033   217934.2437 14681098    5.97%
  79980 72968   222708.5386  2912   231775.0033   217934.2437 14772732    5.97%
  79987 73312   221241.2493  3695   231775.0033   217934.2437 14893795    5.97%
  79993 73306   225068.5925  2571   231775.0033   217934.2437 14894981    5.97%
  80008 73335   220897.2170  3978   231775.0033   217934.2437 14925678    5.97%
  80014 73329   221308.2359  3721   231775.0033   217934.2437 14939804    5.97%
Elapsed time = 8171.93 sec. (1435295.40 ticks, tree = 66339.53 MB, solutions = 20)
Nodefile size = 64290.68 MB (59470.59 MB after compression)
  80018 73337   221328.1073  3706   231775.0033   217934.2437 14944100    5.97%
  80022 73344   224493.2622  2745   231775.0033   217934.2437 14975912    5.97%
  80025 73370   221245.2224  3770   231775.0033   217934.2437 15055961    5.97%
  80026 73369   223730.4625  2915   231775.0033   217934.2437 15058180    5.97%
  80027 73371   230195.7513  1857   231775.0033   217934.2437 15063271    5.97%
  80028 50049   224752.1944  2522   231775.0033   217934.2437 10297311    5.97%
  80029 50679   219985.3216  3826   231775.0033   217934.2437 10329175    5.97%
  80031 73381   221217.2668  3781   231775.0033   217934.2437 15108359    5.97%
  80032 50679   223803.6546  2612   231775.0033   217934.2437 10333997    5.97%
  80034 50313   217935.0274  4402   231775.0033   217934.2437 10306360    5.97%
Elapsed time = 8961.93 sec. (3185068.66 ticks, tree = 44595.51 MB, solutions = 22)
Nodefile size = 42545.65 MB (39276.06 MB after compression)
  80035 50313   224103.9955  2717   231775.0033   217934.2437 10313897    5.97%
  80038 73385   217976.0699  4388   231775.0033   217935.0934 15115781    5.97%
  80045 73390   229204.3478  1948   231775.0033   217935.0934 15126081    5.97%
  80051 73394   226304.8884  2409   231775.0033   217976.0350 15157611    5.95%
  80053 73394   228940.3295  1968   231775.0033   217976.0350 15160105    5.95%
  80056 73393   230544.1690  1930   231775.0033   217976.0350 15158508    5.95%
  80057 73398   226387.1960  2375   231775.0033   217976.0350 15162170    5.95%
  80059 73402   225303.1208  2560   231775.0033   217980.1908 15230224    5.95%
  80065 73402   228266.8794  2018   231775.0033   217980.1908 15232160    5.95%
  80067 73406        cutoff         231775.0033   217980.1908 15236577    5.95%
Elapsed time = 9034.49 sec. (3278254.57 ticks, tree = 66437.40 MB, solutions = 25)
Nodefile size = 64386.96 MB (59560.15 MB after compression)
  80069 73407   226458.1745  2375   231775.0033   217982.8804 15273075    5.95%
  80072 73408   227260.7796  2150   231775.0033   217982.8804 15276366    5.95%
  80073 73410   217985.7437  4373   231775.0033   217985.8823 15304631    5.95%
  80075 73411   223765.4441  2731   231775.0033   217985.8823 15314793    5.95%
  80079 73414   224002.5935  2719   231775.0033   217985.8823 15325494    5.95%
  80081 73411   226825.9776  2291   231775.0033   217985.8823 15328879    5.95%
  80082 73415   224977.5090  2576   231775.0033   217985.8823 15333471    5.95%
  80084 50816   220067.7978  3742   231775.0033   217987.0086 10347766    5.95%
  80085 73415   223213.2407  2804   231775.0033   217987.0086 15355042    5.95%
  80088 73417   220798.8152  3916   231775.0033   217987.0086 15353930    5.95%
Elapsed time = 9126.92 sec. (3405721.64 ticks, tree = 66441.63 MB, solutions = 26)
Nodefile size = 64393.56 MB (59566.27 MB after compression)
  80090 73417   225565.0636  2708   231775.0033   217987.0086 15357554    5.95%
  80093 73422   226048.2490  2439   231775.0033   217992.4356 15413349    5.95%
  80095 73423   227182.4735  2210   231775.0033   217992.5802 15428293    5.95%
  80098 73425   228966.3810  1972   231775.0033   217993.0364 15442247    5.95%
  80099 73425   228148.3154  2041   231775.0033   217993.0364 15452133    5.95%
  80102 73427   224057.2321  2709   231775.0033   217993.1714 15459805    5.95%
  80108 73431   228492.8715  2004   231775.0033   217993.1714 15470879    5.95%
  80110 73430        cutoff         231775.0033   217995.2017 15488796    5.95%
  80111 73431   224538.2013  2672   231775.0033   217995.2017 15491016    5.95%
  80112 73432   229584.1900  1846   231775.0033   217995.2017 15496717    5.95%
Elapsed time = 9238.88 sec. (3570045.25 ticks, tree = 66457.98 MB, solutions = 26)
Nodefile size = 64407.78 MB (59579.28 MB after compression)
  80114 73432   217998.1229  4360   231775.0033   217995.9615 15510809    5.95%
  80116 73433   224825.8360  2559   231775.0033   217995.9615 15522567    5.95%
  80121 73437   227950.7109  2044   231775.0033   217997.6362 15539935    5.94%
  80125 73440   218001.8005  4354   231775.0033   217997.6362 15539961    5.94%
  80127 73440   223845.7915  2708   231775.0033   217999.5386 15559083    5.94%
  80133 73440   230320.8687  1883   231775.0033   217999.5386 15562037    5.94%
  80135 73441   229871.6752  1943   231775.0033   217999.5386 15561194    5.94%
  80137 73444   226567.3624  2268   231775.0033   217999.5386 15574932    5.94%
  80139 73446   227026.7629  2230   231775.0033   218003.7476 15643823    5.94%
  80141 73445   223707.9004  2719   231775.0033   218003.7476 15642085    5.94%
Elapsed time = 9341.66 sec. (3701439.93 ticks, tree = 66462.47 MB, solutions = 26)
Nodefile size = 64416.16 MB (59587.06 MB after compression)
  80142 73445   223701.6119  2724   231775.0033   218003.7476 15642194    5.94%
  80143 73448   218006.5376  4349   231775.0033   218003.7476 15643870    5.94%
  80144 73448   228875.2303  1972   231775.0033   218006.5656 15668492    5.94%
  80145 73448   228043.9425  2000   231775.0033   218006.5890 15669975    5.94%
  80148 73450   224131.0529  2682   231775.0033   218006.5890 15680751    5.94%
  80150 73451   223133.7920  2776   231775.0033   218006.5890 15697924    5.94%
  80155 73454   226213.1597  2375   231775.0033   218006.5890 15706536    5.94%
  80157 73454   223574.9435  2719   231775.0033   218009.9592 15722257    5.94%
  80158 73454   224866.2836  2580   231775.0033   218009.9592 15722130    5.94%
  80161 73456   227937.3702  2039   231775.0033   218009.9592 15737376    5.94%
Elapsed time = 9443.45 sec. (3862467.27 ticks, tree = 66473.27 MB, solutions = 26)
Nodefile size = 64420.62 MB (59591.16 MB after compression)
  80165 73460   228650.6036  1972   231775.0033   218013.5738 15768296    5.94%
  80167 73462   218015.5195  4342   231775.0033   218013.5738 15768344    5.94%
  80168 73460   228917.1590  1946   231775.0033   218013.5738 15781243    5.94%
  80170 73462   225344.1541  2491   231775.0033   218013.5738 15779238    5.94%
  80175 73466   226877.4026  2239   231775.0033   218015.6611 15812362    5.94%
  80179 73462   229888.2166  1784   231775.0033   218015.6611 15816329    5.94%
  80181 73470   226819.8947  2261   231775.0033   218016.7778 15836690    5.94%
  80183 73471   224591.9448  2599   231775.0033   218016.7778 15838561    5.94%
  80189 73470   227202.6637  2198   231775.0033   218016.7977 15835642    5.94%
  80190 73475   230498.0681  1915   231775.0033   218016.7977 15897146    5.94%
Elapsed time = 9543.00 sec. (3993748.93 ticks, tree = 66492.54 MB, solutions = 26)
Nodefile size = 64442.82 MB (59611.58 MB after compression)
  80194 73479   227443.5204  2063   231775.0033   218016.7977 15909590    5.94%
  80196 73479   229101.0091  1938   231775.0033   218019.1875 15928204    5.93%
  80197 73479   229048.5816  1948   231775.0033   218019.1875 15928730    5.93%
  80199 73480   227134.8636  2164   231775.0033   218019.1875 15930048    5.93%
  80201 73481   226161.0530  2334   231775.0033   218021.5797 15967390    5.93%
  80203 73482   229075.9050  1935   231775.0033   218021.8931 15977199    5.93%
  80205 73483   227223.6093  2059   231775.0033   218022.5180 15991124    5.93%
  80207 73484   228845.6687  1930   231775.0033   218022.7528 16001173    5.93%
  80209 73486   218023.4582  4326   231775.0033   218023.3643 16001183    5.93%
  80210 73486   226786.6377  2256   231775.0033   218023.3853 16010026    5.93%
Elapsed time = 9645.72 sec. (4140494.95 ticks, tree = 66505.39 MB, solutions = 26)
Nodefile size = 64456.74 MB (59624.63 MB after compression)
  80213 73488   226269.7032  2342   231775.0033   218023.3853 16018459    5.93%
  80220 73493   228673.6644  1960   231775.0033   218023.3853 16028468    5.93%
  80222 73489   229972.8955  1678   231775.0033   218023.3853 16031474    5.93%
  80223 73494   226663.8657  2231   231775.0033   218023.3853 16041947    5.93%
  80225 73497   228408.6833  1983   231775.0033   218025.9877 16078242    5.93%
  80229 73497   223506.0857  2711   231775.0033   218025.9877 16076364    5.93%
  80233 73500   229324.9585  1838   231775.0033   218025.9877 16091098    5.93%
  80235 73502   230038.7047  1899   231775.0033   218029.4616 16138310    5.93%
  80237 73503   223620.2246  2660   231775.0033   218029.4616 16137784    5.93%
  80241 73508   226381.5956  2610   231775.0033   218032.0534 16171081    5.93%
Elapsed time = 9737.59 sec. (4292598.21 ticks, tree = 66528.94 MB, solutions = 26)
Nodefile size = 64477.08 MB (59643.69 MB after compression)
  80243 73509   225362.8132  2493   231775.0033   218032.0534 16179338    5.93%
  80246 73508   227669.6265  2076   231775.0033   218032.0534 16180154    5.93%
  80247 73510   225119.7016  2483   231775.0033   218032.0534 16191459    5.93%
  80249 73511   225824.3409  2380   231775.0033   218035.7925 16221939    5.93%
  80252 73513   227067.8537  2151   231775.0033   218036.4442 16230957    5.93%
  80253 73514   228673.3443  1949   231775.0033   218036.4442 16240641    5.93%
  80256 73516   225703.1469  2367   231775.0033   218036.6917 16248930    5.93%
  80259 73518   224303.1917  3500   231775.0033   218036.6917 16256858    5.93%
  80260 73520   218039.5317  4313   231775.0033   218038.5983 16265840    5.93%
  80261 73521   227017.0500  2359   231775.0033   218039.5493 16279893    5.93%
Elapsed time = 9842.20 sec. (4460840.71 ticks, tree = 66542.86 MB, solutions = 26)
Nodefile size = 64493.14 MB (59658.76 MB after compression)
  80264 73523   226049.7412  2308   231775.0033   218040.3905 16287985    5.93%
  80266 73524   222604.9340  2809   231775.0033   218041.4404 16294821    5.93%
  80268 73525   226204.5411  2357   231775.0033   218041.4404 16303204    5.93%
  80270 73527   218044.3551  4308   231775.0033   218041.4404 16303219    5.93%
  80271 73525   228323.1506  1936   231775.0033   218041.4404 16310141    5.93%
  80275 73529   223089.1530  2741   231775.0033   218044.6242 16333628    5.92%
  80282 73536   228178.1720  1989   231775.0033   218044.6242 16347933    5.92%
  80285 73535        cutoff         231775.0033   218044.6242 16359325    5.92%
  80286 73537   225691.7927  2323   231775.0033   218044.6242 16363112    5.92%
  80289 73537   226125.1873  2220   231775.0033   218044.6242 16365949    5.92%
Elapsed time = 9939.80 sec. (4594481.42 ticks, tree = 66554.64 MB, solutions = 26)
Nodefile size = 64511.35 MB (59675.81 MB after compression)
  80292 73541   226125.7796  3323   231775.0033   218044.6242 16378501    5.92%
  80294 73543   228064.2517  1974   231775.0033   218048.8714 16428374    5.92%
  80297 73543   225866.7636  2235   231775.0033   218048.8714 16432705    5.92%
  80298 73545   222236.3802  2863   231775.0033   218048.8714 16438029    5.92%
  80304 73545        cutoff         231775.0033   218049.6792 16455963    5.92%
  80305 73551   226674.4862  2256   231775.0033   218049.6792 16460567    5.92%
  80309 73554   227010.7508  2168   231775.0033   218049.6792 16469897    5.92%
  80312 73556   223279.3049  3549   231775.0033   218050.6856 16481700    5.92%
  80314 73553   230076.1452  1816   231775.0033   218050.6856 16484623    5.92%
  80320 73558   225524.2215  2429   231775.0033   218050.6856 16497260    5.92%
Elapsed time = 10039.33 sec. (4745364.75 ticks, tree = 66580.40 MB, solutions = 26)
Nodefile size = 64527.41 MB (59690.73 MB after compression)
  80322 73559   226828.5421  2211   231775.0033   218055.0716 16560302    5.92%
  80324 73559   225799.7297  2288   231775.0033   218055.0716 16562762    5.92%
  80325 73561   229222.0872  1724   231775.0033   218055.0716 16573053    5.92%
  80326 73563   218058.2529  4289   231775.0033   218058.2688 16585524    5.92%
  80328 73564   222694.0398  2771   231775.0033   218058.9230 16592283    5.92%
  80331 73566   223556.3578  2662   231775.0033   218058.9230 16599463    5.92%
  80334 73565   230142.1182  1710   231775.0033   218058.9230 16605428    5.92%
  80337 73570   226133.4411  2339   231775.0033   218059.6463 16630639    5.92%
  80341 73571   225404.8485  2440   231775.0033   218059.6463 16638329    5.92%
  80344 73574   228468.0704  1950   231775.0033   218061.5154 16668062    5.92%
Elapsed time = 10141.32 sec. (4902344.48 ticks, tree = 66598.57 MB, solutions = 26)
Nodefile size = 64548.82 MB (59710.74 MB after compression)
  80346 73576   225356.0060  2272   231775.0033   218061.5154 16678187    5.92%
  80349 73576   228429.1438  1977   231775.0033   218061.5154 16687933    5.92%
  80350 73578   228965.5311  1928   231775.0033   218061.5154 16687831    5.92%
  80352 73579   225575.4403  2272   231775.0033   218063.8162 16705709    5.92%
  80353 73579   227406.7069  2109   231775.0033   218063.8162 16706315    5.92%
  80358 73584   227167.4886  2018   231775.0033   218063.8162 16714805    5.92%
  80360 73585   230773.6241  1853   231775.0033   218065.8036 16733498    5.91%
  80362 73587   225033.7246  2407   231775.0033   218065.8036 16736455    5.91%
  80363 73589   218068.7350  4275   231775.0033   218065.8036 16757190    5.91%
  80367 73591   224442.4940  2539   231775.0033   218065.8036 16766131    5.91%
Elapsed time = 10236.55 sec. (5048764.76 ticks, tree = 66615.70 MB, solutions = 26)
Nodefile size = 64564.88 MB (59725.32 MB after compression)
  80371 73594   226850.8629  2217   231775.0033   218065.8036 16774386    5.91%
  80373 73596   225933.8472  2268   231775.0033   218069.4984 16795436    5.91%
  80374 73595   224281.4200  2594   231775.0033   218069.4984 16794862    5.91%
  80376 73596   226578.3715  2142   231775.0033   218069.4984 16800369    5.91%
  80377 73596   227984.0434  2093   231775.0033   218069.4984 16802924    5.91%
  80378 73597   218073.5507  4269   231775.0033   218069.4984 16795910    5.91%
  80379 73600   226941.3822  2156   231775.0033   218073.8873 16847743    5.91%
  80381 73601   226680.0462  2194   231775.0033   218074.2063 16858935    5.91%
  80383 73602   226683.6036  2201   231775.0033   218074.7392 16870105    5.91%
  80385 73603   225743.5037  2379   231775.0033   218075.2504 16879064    5.91%
Elapsed time = 10329.26 sec. (5182052.77 ticks, tree = 66629.62 MB, solutions = 26)
Nodefile size = 64579.87 MB (59739.36 MB after compression)
  80388 73605   228669.9993  1947   231775.0033   218075.9573 16888280    5.91%
  80390 73606   228315.9860  1912   231775.0033   218075.9614 16897745    5.91%
  80393 73608   230691.9814  1860   231775.0033   218075.9614 16907261    5.91%
  80398 73612   227056.0742  2048   231775.0033   218075.9614 16919671    5.91%
  80399 73614   218078.3702  4258   231775.0033   218077.2707 16931458    5.91%
  80400 73613   227824.0568  2009   231775.0033   218077.2707 16940583    5.91%
  80402 73614   229419.9828  1900   231775.0033   218077.2707 16940736    5.91%
  80404 73614   226788.9384  2119   231775.0033   218077.2707 16945084    5.91%
  80405 73616   224509.6211  2386   231775.0033   218077.2707 16951391    5.91%
  80407 73618   226799.1179  2212   231775.0033   218080.8015 16991468    5.91%
Elapsed time = 10426.18 sec. (5327706.26 ticks, tree = 66645.69 MB, solutions = 26)
Nodefile size = 64597.01 MB (59755.43 MB after compression)
  80409 73619   227448.2832  2068   231775.0033   218081.0326 17000231    5.91%
  80411 73620   225076.1959  2429   231775.0033   218082.0116 17010688    5.91%
  80412 73621   218082.4652  4255   231775.0033   218082.2217 17010691    5.91%
  80413 73622   223618.4759  2508   231775.0033   218082.4855 17017261    5.91%
  80415 73624   227695.6941  1904   231775.0033   218082.8751 17030173    5.91%
  80420 73629   224198.0807  2422   231775.0033   218083.4771 17042180    5.91%
  80422 73629   226389.0166  2231   231775.0033   218083.4771 17050400    5.91%
  80424 73630   227164.0480  2017   231775.0033   218083.4771 17053037    5.91%
  80426 73632   224901.2478  2632   231775.0033   218083.4771 17055847    5.91%
  80430 73636   223232.6174  2663   231775.0033   218085.6514 17094982    5.91%
Elapsed time = 10527.02 sec. (5485927.69 ticks, tree = 66664.96 MB, solutions = 26)
Nodefile size = 64614.14 MB (59771.50 MB after compression)
  80432 73632        cutoff         231775.0033   218085.6514 17097463    5.91%
  80433 73637   223720.4469  2583   231775.0033   218085.6514 17102142    5.91%
  80435 73638   223816.7830  2585   231775.0033   218085.6514 17109328    5.91%
  80436 73637   225787.3059  2286   231775.0033   218086.6638 17127305    5.91%
  80437 73638   218091.4977  4244   231775.0033   218086.6638 17119612    5.91%
  80440 73639   227118.4618  2131   231775.0033   218086.6638 17128017    5.91%
  80442 73641   226165.5543  2296   231775.0033   218091.9683 17154703    5.90%
  80445 73642   227238.6241  2080   231775.0033   218091.9683 17164379    5.90%
  80448 73645   226690.0879  2079   231775.0033   218094.3845 17183097    5.90%
  80449 73646   218095.0737  4238   231775.0033   218094.3845 17183098    5.90%
Elapsed time = 10613.94 sec. (5616640.60 ticks, tree = 66675.67 MB, solutions = 26)
Nodefile size = 64623.78 MB (59780.54 MB after compression)
  80458 73645        cutoff         231775.0033   218094.3845 17188729    5.90%
  80461 73656   218099.3393  4229   231775.0033   218094.3845 17190861    5.90%
  80463 73655   226769.5835  2176   231775.0033   218095.8241 17214840    5.90%
  80466 73656   224855.8867  2325   231775.0033   218095.8241 17215617    5.90%
  80469 73656   224871.1948  2310   231775.0033   218095.8241 17217736    5.90%
  80476 73662   225930.3444  2278   231775.0033   218095.8241 17234616    5.90%
  80478 73667   226037.8872  2193   231775.0033   218101.4371 17326599    5.90%
  80480 73667   229948.0244  1685   231775.0033   218101.4371 17328298    5.90%
  80482 73672   218104.2130  4226   231775.0033   218104.1728 17367156    5.90%
  80490 73680   218108.5440  4217   231775.0033   218104.1728 17367278    5.90%
Elapsed time = 10720.03 sec. (5751653.78 ticks, tree = 66709.94 MB, solutions = 26)
Nodefile size = 64655.23 MB (59810.00 MB after compression)
  80500 73672   229928.6695  1654   231775.0033   218104.1728 17380726    5.90%
  80501 73690   218115.0082  4211   231775.0033   218104.1728 17367433    5.90%
  80511 73701   218119.9585  4202   231775.0033   218104.5768 17381135    5.90%
  80526 73691   227848.7408  1950   231775.0033   218104.5768 17390133    5.90%
  80532 73691   227290.2552  2047   231775.0033   218104.5768 17392383    5.90%
  80544 73692   226954.3253  2060   231775.0033   218104.5768 17393363    5.90%
  80559 73725   225246.8052  2411   231775.0033   218106.8165 17546701    5.90%
  80576 73725   225848.3150  2252   231775.0033   218106.8165 17546601    5.90%
  80580 73726   225869.6907  2287   231775.0033   218106.8165 17550131    5.90%
  80584 73726   225654.1428  2136   231775.0033   218106.8165 17551729    5.90%
Elapsed time = 11036.57 sec. (5819839.74 ticks, tree = 66727.08 MB, solutions = 26)
Nodefile size = 64708.09 MB (59859.45 MB after compression)
  80605 73726   227939.3945  2168   231775.0033   218117.8152 17554644    5.89%
  80617 73759        cutoff         231775.0033   218117.8152 17795706    5.89%
  80619 73725   222260.2611  2764   231775.0033   218117.8152 17545404    5.89%
  80637 73760   226003.8265  2279   231775.0033   218117.8152 17796762    5.89%
  80643 73761   229586.9351  1795   231775.0033   218117.8152 17800346    5.89%
  80645 73761   221308.6269  3019   231775.0033   218117.8152 17793365    5.89%
  80647 73761   221234.6784  3033   231775.0033   218117.8152 17793178    5.89%
  80659 73806   225894.5364  2292   231775.0033   218144.4646 18065461    5.88%
  80664 73807   221391.1325  2984   231775.0033   218144.4646 18063857    5.88%
  80671 73816   218177.4423  4134   231775.0033   218144.4646 18058020    5.88%
Elapsed time = 11426.05 sec. (5877933.28 ticks, tree = 66856.83 MB, solutions = 26)
Nodefile size = 64796.35 MB (59940.74 MB after compression)
  80686 73807   231403.6522  1617   231775.0033   218144.4646 18070385    5.88%
  80693 73807   221028.3560  3090   231775.0033   218144.4646 18063531    5.88%
  80697 73807   226440.8136  2424   231775.0033   218144.4646 18071676    5.88%
  80699 73826   218183.1842  4125   231775.0033   218144.4646 18058174    5.88%
  80709 73846        cutoff         231775.0033   218165.3694 18363339    5.87%
  80711 73847   228874.9276  1843   231775.0033   218165.3694 18368373    5.87%
  80713 73848   222580.9300  2677   231775.0033   218165.3694 18365938    5.87%
  80728 73848   222093.4802  2781   231775.0033   218165.3694 18365849    5.87%
  80732 73848   228452.1234  1852   231775.0033   218165.3694 18373142    5.87%
  80738 73848   227612.6092  1985   231775.0033   218165.3694 18372580    5.87%
Elapsed time = 11591.71 sec. (5935360.47 ticks, tree = 66871.45 MB, solutions = 26)
Nodefile size = 64844.74 MB (59985.96 MB after compression)
  80739 73867   218201.0567  4104   231775.0033   218165.3694 18359666    5.87%
  80749 73876   226933.0112  2089   231775.0033   218183.7843 18555286    5.86%
  80752 73876   226953.9619  2064   231775.0033   218183.7843 18557758    5.86%
  80767 73877   227805.8874  1832   231775.0033   218183.7843 18558220    5.86%
  80773 73877   225015.6079  2134   231775.0033   218183.7843 18560518    5.86%
  80778 73876   222199.5349  2741   231775.0033   218183.7843 18553538    5.86%
  80779 73896   218212.7952  4090   231775.0033   218183.7843 18547271    5.86%
  80789 73909   223042.8411  4186   231775.0033   218202.0374 18763446    5.86%
  80791 73908   229318.6209  1795   231775.0033   218202.0374 18765796    5.86%
  80796 73918   218223.1564  4083   231775.0033   218202.0374 18756764    5.86%
Elapsed time = 11881.27 sec. (6034577.86 ticks, tree = 66972.39 MB, solutions = 26)
Nodefile size = 64913.37 MB (60050.35 MB after compression)
  80809 73908   227006.0245  2079   231775.0033   218202.0374 18764855    5.86%
  80814 73908   229579.2832  1693   231775.0033   218202.0374 18769754    5.86%
  80827 73909   225803.3121  2507   231775.0033   218209.8636 18771733    5.85%
  80829 73939   225901.3435  2236   231775.0033   218209.8636 18942603    5.85%
  80831 73939   225008.0709  2185   231775.0033   218209.8636 18941661    5.85%
  80835 73939   228124.0988  1879   231775.0033   218209.8636 18946525    5.85%
  80849 73939   227127.9173  1915   231775.0033   218209.8636 18946862    5.85%
  80851 73938   222117.6026  2762   231775.0033   218209.8636 18941433    5.85%
  80856 73958   218249.1898  4058   231775.0033   218209.8636 18935297    5.85%
  80869 73969        cutoff         231775.0033   218215.6885 19108325    5.85%
Elapsed time = 12139.84 sec. (6089583.22 ticks, tree = 67021.79 MB, solutions = 26)
Nodefile size = 64979.17 MB (60112.25 MB after compression)
* 80870+73937                       231606.7700   218215.6885             5.78%
  80870 73938   221882.4869  2809   231606.7700   218215.6885 18941367    5.78%
  80872 73971   223161.4815  2504   231606.7700   218215.6885 19109246    5.78%
  80886 73988   218263.5108  4039   231606.7700   218215.6885 19102837    5.78%
  80891 73971   227674.4105  1845   231606.7700   218215.6885 19114702    5.78%
  80894 73971   222123.4514  2706   231606.7700   218215.6885 19108801    5.78%
  80897 73971   221923.0390  2787   231606.7700   218215.6885 19108813    5.78%
  80899 73990   218267.1738  4039   231606.7700   218215.6885 19102875    5.78%
  80900 73172   225059.9013  2193   231606.7700   218250.2168 19269173    5.77%
  80902 73172   225666.0413  2063   231606.7700   218250.2168 19271519    5.77%
  80909 73172   221856.8472  2789   231606.7700   218250.2168 19268311    5.77%
Elapsed time = 12363.91 sec. (6181798.59 ticks, tree = 66280.50 MB, solutions = 27)
Nodefile size = 64253.52 MB (59442.91 MB after compression)
  80915 73172   229033.9555  1706   231606.7700   218250.2168 19274580    5.77%
  80916 73172   220684.2849  3196   231606.7700   218250.2168 19267391    5.77%
  80927 73172   221963.5781  2766   231606.7700   218250.9886 19268382    5.77%
  80938 73170        cutoff         231606.7700   218250.9886 19269858    5.77%
  80939 73191   231446.9477  1703   231606.7700   218250.9886 19438680    5.77%
  80940 73209   218282.9026  4017   231606.7700   218250.9886 19429567    5.77%
  80950 73220   218293.4507  4008   231606.7700   218268.2128 19452969    5.76%
  80961 73211   223393.1080  2636   231606.7700   218268.2128 19460143    5.76%
  80986 73251   218321.1383  3981   231606.7700   218268.2128 19453288    5.76%
  81007 73211   230177.5226  1680   231606.7700   218268.2128 19462725    5.76%
Elapsed time = 12544.75 sec. (6264783.24 ticks, tree = 66341.12 MB, solutions = 27)
Nodefile size = 64300.46 MB (59487.00 MB after compression)
  81013 73211   230095.5885  1559   231606.7700   218268.2128 19465734    5.76%
  81016 73211   227784.3429  2544   231606.7700   218268.2128 19467339    5.76%
  81018 73211   222789.8624  2783   231606.7700   218268.2128 19459782    5.76%
  81019 73270   218331.6971  3976   231606.7700   218268.2128 19453508    5.76%
  81029 73290   225480.3018  2266   231606.7700   218284.5938 19642174    5.75%
  81045 73290   225545.6161  2247   231606.7700   218284.5938 19642675    5.75%
  81061 73293   224902.2808  3071   231606.7700   218284.5938 19642838    5.75%
  81085 73299   226541.6569  2113   231606.7700   218284.5938 19646418    5.75%
  81160 73316   231166.8661  1568   231606.7700   218284.5938 19645391    5.75%
  81266 73297   228435.8635  1687   231606.7700   218284.5938 19646687    5.75%
Elapsed time = 12975.24 sec. (6360300.54 ticks, tree = 66419.21 MB, solutions = 27)
Nodefile size = 64393.53 MB (59574.05 MB after compression)
  81356 73354   231179.9662  1553   231606.7700   218284.5938 19645636    5.75%
  81463 73350   227054.0047  1946   231606.7700   218284.5938 19765141    5.75%
  81597 73382   231193.3108  1538   231606.7700   218286.0596 19646011    5.75%
  81680 73521   228558.2141  1668   231606.7700   218286.0596 19869335    5.75%
  81859 73330   230270.4551  1712   231606.7700   218286.0596 19756481    5.75%
  82085 73546   229727.8234  1595   231606.7700   218293.5623 19886842    5.75%
  82360 73607   229752.9854  1558   231606.7700   218293.5623 19887453    5.75%
  82632 73559   231212.1492  1534   231606.7700   218293.5623 19907494    5.75%
  82900 73589   231221.6660  1518   231606.7700   218316.2939 19907766    5.74%
  83156 73803   231298.7759  1392   231606.7700   218316.2939 19940831    5.74%
Elapsed time = 13330.33 sec. (6398636.96 ticks, tree = 66975.04 MB, solutions = 27)
Nodefile size = 64687.34 MB (59849.27 MB after compression)
  83484 74063   225785.2408  2033   231606.7700   218317.0237 20083500    5.74%
  83843 73867   231321.0628  1363   231606.7700   218317.0237 19941566    5.74%
  84190 74435   227460.5787  1775   231606.7700   218317.0237 20099508    5.74%
  84653 73842   225556.1713  2199   231606.7700   218317.0237 20047572    5.74%
  84997 73749   226588.5704  2070   231606.7700   218317.0237 19997454    5.74%
  85343 74242   225903.9137  1918   231606.7700   218317.0237 20089681    5.74%
  85780 74778   223017.2227  2513   231606.7700   218317.0237 20137473    5.74%
  86173 75729   231449.0978  1213   231606.7700   218317.0237 20237309    5.74%
  86619 76402   230426.2475  1446   231606.7700   218317.0237 20352069    5.74%
  87072 75194   228392.1106  1763   231606.7700   218317.0237 20211401    5.74%
Elapsed time = 13697.16 sec. (6436877.69 ticks, tree = 68641.30 MB, solutions = 27)
Nodefile size = 66476.63 MB (61482.84 MB after compression)
  87536 74872        cutoff         231606.7700   218317.0237 20184881    5.74%
  87878 77765   227512.3071  1712   231606.7700   218317.0237 20525217    5.74%
  88250 77028   225380.9254  1930   231606.7700   218317.0237 20401963    5.74%
  88616 77934   228426.6509  1683   231606.7700   218317.0237 20536244    5.74%
  88936 78249   226817.9247  1943   231606.7700   218317.0237 20597067    5.74%
  89355 78398   231467.6604  1157   231606.7700   218317.0237 20546829    5.74%
  89689 77999   228452.3373  1647   231606.7700   218317.0237 20538562    5.74%
  90053 77174   225503.7087  1898   231606.7700   218317.0237 20410021    5.74%
  90346 78259   225283.4486  2254   231606.7700   218317.0237 20601816    5.74%
  90648 80438   228157.8364  1694   231606.7700   218317.0237 20797324    5.74%
Elapsed time = 14066.32 sec. (6475087.07 ticks, tree = 75161.90 MB, solutions = 27)
Nodefile size = 73097.11 MB (67637.06 MB after compression)
  91118 79791   230046.7701  1365   231606.7700   218317.0237 20762599    5.74%
  91518 79758   230227.8076  1120   231606.7700   218317.0237 20727813    5.74%
  91884 79777   230233.8759  1108   231606.7700   218317.0237 20729049    5.74%
  92354 80522   228219.1409  1642   231606.7700   218317.0237 20801824    5.74%
  92728 79174   226111.5062  1702   231606.7700   218317.0237 20719159    5.74%
  93120 79187   226117.1525  1694   231606.7700   218317.0237 20721620    5.74%
  93378 79941   230279.6461  1018   231606.7700   218317.0237 20733021    5.74%
  93707 80135   225986.8289  1713   231606.7700   218317.0237 20785669    5.74%
  93961 83295   225998.3162  1696   231606.7700   218317.0237 21134755    5.74%
  94189 84255   225642.3014  2050   231606.7700   218317.0237 21186331    5.74%
Elapsed time = 14418.86 sec. (6513353.25 ticks, tree = 79845.29 MB, solutions = 27)
Nodefile size = 77777.45 MB (71986.18 MB after compression)
  94503 84163   228304.1242  1554   231606.7700   218317.0237 21151888    5.74%
  94943 83100   230125.0989  1308   231606.7700   218317.0237 21126418    5.74%
  95329 83333   226029.2376  1674   231606.7700   218317.9187 21140277    5.74%
  95583 84321   228390.3118  1439   231606.7700   218317.9187 21155221    5.74%
  95938 84379   228429.4783  1401   231606.7700   218317.9187 21155641    5.74%
  96178 85343   222383.4979  2798   231606.7700   218317.9187 21367071    5.74%
  96481 83285   230376.4542   830   231606.7700   218317.9187 21101878    5.74%
  96798 83402   226087.0687  1634   231606.7700   218317.9187 21147441    5.74%
  97014 84758   228703.6348  1366   231606.7700   218317.9187 21216068    5.74%
  97207 87441   228383.2199  1548   231606.7700   218317.9187 21590422    5.74%
Elapsed time = 14773.32 sec. (6551556.69 ticks, tree = 83759.27 MB, solutions = 27)
Nodefile size = 81690.00 MB (75616.25 MB after compression)
  97326 86443   230166.5642  1246   231606.7700   218317.9187 21505882    5.74%
  97511 86448   230422.2927  1258   231606.7700   218317.9187 21506698    5.74%
  97756 85369   222389.8186  2769   231606.7700   218317.9187 21367204    5.74%
  97964 86464   230174.7237  1232   231606.7700   218317.9187 21506953    5.74%
  98098 86677   226129.0756  1598   231606.7700   218317.9187 21546075    5.74%
  98325 88884   231449.1409  1281   231606.7700   218317.9187 21732756    5.74%
  98601 88432   225305.6385  2190   231606.7700   218317.9187 21711351    5.74%
  98850 86705   226153.1446  1582   231606.7700   218317.9187 21546167    5.74%
  99162 89512   230430.6048   738   231606.7700   218317.9187 21865816    5.74%
  99582 88283   226332.0136  2092   231606.7700   218317.9187 21689681    5.74%
Elapsed time = 15140.10 sec. (6589978.34 ticks, tree = 84804.11 MB, solutions = 27)
Nodefile size = 82708.56 MB (76565.41 MB after compression)
  99913 88959   222399.3518  2732   231606.7700   218317.9187 21751366    5.74%
 100436 89330   225754.2638  1663   231606.7700   218317.9187 21854798    5.74%
 100937 90502   229940.0171   853   231606.7700   218317.9187 21980688    5.74%
 101386 90556   229954.2501   835   231606.7700   218317.9187 21981326    5.74%
 101844 90722   231596.0689  1166   231606.7700   218317.9187 22041892    5.74%
 102282 90329        cutoff         231606.7700   218317.9187 21949221    5.74%
 102688 90566   227536.9771  1612   231606.7700   218317.9187 22005474    5.74%
 102978 90946   226284.1011  1511   231606.7700   218317.9187 22075142    5.74%
 103335 92658   224582.5366  1888   231606.7700   218317.9187 22239699    5.74%
 103685 91644   230521.5291   576   231606.7700   218317.9187 22151630    5.74%
Elapsed time = 15507.17 sec. (6628203.98 ticks, tree = 88923.97 MB, solutions = 27)
Nodefile size = 86717.76 MB (80292.51 MB after compression)
 104046 91696   226687.1279  1792   231606.7700   218317.9187 22170129    5.74%
 104496 91050   226325.2042  1441   231606.7700   218317.9187 22081302    5.74%
 105147 94526   228002.7700  1270   231606.7700   218317.9187 22382367    5.74%
 105484 92669   230934.5467   727   231606.7700   218317.9187 22218316    5.74%
 105808 91774   226754.8477  1742   231606.7700   218317.9187 22175249    5.74%
 106299 92760   230945.3822   679   231606.7700   218317.9187 22219187    5.74%
 106842 92280   230514.7192   967   231606.7700   218317.9187 22210130    5.74%
 107251 94079   229166.0564  1235   231606.7700   218317.9187 22347393    5.74%
 107677 93876   228915.6971  1093   231606.7700   218317.9187 22312743    5.74%
 108053 94870   226897.6028  1644   231606.7700   218317.9187 22453941    5.74%
Elapsed time = 15876.82 sec. (6666447.20 ticks, tree = 92870.17 MB, solutions = 27)
Nodefile size = 90660.27 MB (83951.85 MB after compression)
 108646 98290   230082.8180   587   231606.7700   218317.9187 22687400    5.74%
 109126 95077   226385.5775  1362   231606.7700   218317.9187 22479567    5.74%
 109447 97452   228962.2137   891   231606.7700   218317.9187 22592152    5.74%
 109821 95141   226412.3987  1325   231606.7700   218317.9187 22483590    5.74%
 110155 97565   225843.5230  1552   231606.7700   218317.9187 22623731    5.74%
 110688 96889   231023.3352   535   231606.7700   218317.9187 22548257    5.74%
 111186 96946   231029.7902   514   231606.7700   218317.9187 22549067    5.74%
 111626 99446   228138.3302  1062   231606.7700   218317.9187 22751550    5.74%
 111990 98624   230141.2211   467   231606.7700   218317.9187 22697894    5.74%
 112162 98770   229305.8876  1114   231606.7700   218317.9187 22715374    5.74%
Elapsed time = 16201.60 sec. (6704657.67 ticks, tree = 97692.19 MB, solutions = 27)
Nodefile size = 95442.45 MB (88387.72 MB after compression)
 112281 99112   229036.7521   888   231606.7700   218317.9187 22729438    5.74%
 112397 99538   228159.3247  1021   231606.7700   218317.9187 22756361    5.74%
 112441 99750   226310.4490  2163   231606.7700   218317.9187 22856033    5.74%
 112444 102347   223019.2595  3606   231606.7700   218317.9187 23029693    5.74%
 112447 101078        cutoff         231606.7700   218317.9187 22899480    5.74%
 112452 102937        cutoff         231606.7700   218317.9187 23097952    5.74%
 112456 102352   229379.7782  1729   231606.7700   218317.9187 23053831    5.74%
 112460 103526   227209.1769  1986   231606.7700   218317.9187 23152108    5.74%
 112462 101712   228622.8581  1914   231606.7700   218317.9187 22979390    5.74%
 112465 103438   223910.2940  2377   231606.7700   218317.9187 23144442    5.74%
Elapsed time = 16352.85 sec. (6751706.05 ticks, tree = 103659.76 MB, solutions = 27)
Nodefile size = 101611.78 MB (94119.15 MB after compression)
 112467 104039   226855.2192  2018   231606.7700   218317.9187 23200540    5.74%
 112469 104057   218415.7702  3948   231606.7700   218360.8314 23433630    5.72%
 112470 104058   218415.7986  3947   231606.7700   218360.8314 23433632    5.72%
 112500 104088   218435.3654  3921   231606.7700   218360.8314 23433840    5.72%
 112574 104162   218488.6341  3863   231606.7700   218360.8314 23434628    5.72%
 112635 104223   218535.4205  3802   231606.7700   218360.8314 23435111    5.72%
 112652 104240   230270.8207  1522   231606.7700   218360.8314 23448983    5.72%
 112655 104244   230272.5292  1520   231606.7700   218416.2525 23463638    5.70%
 112675 104264   230285.0899  1500   231606.7700   218416.2525 23463801    5.70%
 112754 104343   230348.4348  1426   231606.7700   218416.2525 23464541    5.70%
Elapsed time = 16613.63 sec. (6831556.03 ticks, tree = 104857.32 MB, solutions = 27)
Nodefile size = 102605.10 MB (95046.67 MB after compression)
 112838 104420   230418.0786  1343   231606.7700   218416.2525 23465312    5.70%
 112868 104244   228251.3657  1772   231606.7700   218416.2525 23472182    5.70%
 112940 104253   228424.5259  1636   231606.7700   218416.2525 23472029    5.70%
 113001 104271   230936.4672  1632   231606.7700   218416.2525 23473384    5.70%
 113129 104244   230075.4920  1614   231606.7700   218416.2525 23475410    5.70%
 113335 104351   228293.0435  1666   231606.7700   218416.2525 23475433    5.70%
 113655 104683   229323.6298  1540   231606.7700   218416.2525 23572865    5.70%
 113982 104680   230105.0902  1580   231606.7700   218416.2525 23563429    5.70%
 114394 104600   228305.6689  1694   231606.7700   218416.2525 23525704    5.70%
 114779 104621   228485.4181  1611   231606.7700   218416.2525 23503047    5.70%
Elapsed time = 17076.32 sec. (6870981.78 ticks, tree = 104839.50 MB, solutions = 27)
Nodefile size = 102605.16 MB (95052.89 MB after compression)
 115164 104680   228530.4128  1571   231606.7700   218416.2525 23503688    5.70%
 115636 104685   228730.3292  1524   231606.7700   218416.2525 23543369    5.70%
 115953 104620   229190.8584  1523   231606.7700   218416.2525 23523172    5.70%
 116241 104798   228414.0499  1564   231606.7700   218416.2525 23532807    5.70%
 116575 104685   230704.3660  1485   231606.7700   218432.2412 23496201    5.69%
 117027 104888   228443.8546  1503   231606.7700   218432.2412 23534748    5.69%
 117326 104908   230360.2573  1434   231606.7700   218439.4695 23735312    5.69%
 117592 106591   230949.7157  1342   231606.7700   218439.4695 23941586    5.69%
 117954 106323   228643.2997  1437   231606.7700   218439.4695 23936533    5.69%
 118203 106365   228670.1264  1412   231606.7700   218439.4695 23937280    5.69%
Elapsed time = 17455.58 sec. (6909269.04 ticks, tree = 107054.10 MB, solutions = 27)
Nodefile size = 104849.24 MB (97152.48 MB after compression)
 118518 107840   231061.2241  1386   231606.7700   218439.4695 24036742    5.69%
 118937 106766   231055.1863  1250   231606.7700   218439.4695 23944234    5.69%
 119419 108552   221620.3682  3087   231606.7700   218439.4695 24209309    5.69%
 119793 106862   231108.4755  1202   231606.7700   218439.4695 23945541    5.69%
 120230 107364   230473.2813  1305   231606.7700   218439.4695 23999977    5.69%
 120442 108116   231170.6297  1524   231606.7700   218439.4792 24127536    5.69%
 120703 106102   230537.0780  1292   231606.7700   218439.4792 23942206    5.69%
 121018 107439   230520.6672  1260   231606.7700   218439.4792 24001504    5.69%
 121230 109510   230553.8905  1279   231606.7700   218439.4792 24302714    5.69%
 121359 110991   228817.2369  1262   231606.7700   218439.4792 24400820    5.69%
Elapsed time = 17849.47 sec. (6947538.03 ticks, tree = 112985.82 MB, solutions = 27)
Nodefile size = 110915.39 MB (102822.80 MB after compression)
 121545 112054   228988.1731  1537   231606.7700   218439.4792 24469781    5.69%
 121659 110576   230570.0061  1223   231606.7700   218439.4792 24379842    5.69%
 121770 110247   229441.5115  1265   231606.7700   218439.4792 24366893    5.69%
 121914 111881   229876.2286  1308   231606.7700   218439.4792 24455313    5.69%
 122055 109383   228674.8823  1244   231606.7700   218439.4792 24297239    5.69%
 122213 111283   229948.2845  1594   231606.7700   218439.4792 24428750    5.69%
 122390 112401   221612.4948  3137   231606.7700   218439.4792 24563648    5.69%
 122662 111279   230280.0304  1261   231606.7700   218439.4792 24412145    5.69%
 122842 111291   230282.7528  1256   231606.7700   218439.4792 24412239    5.69%
 123172 112751   230949.3239  1184   231606.7700   218439.4792 24609118    5.69%
Elapsed time = 18249.35 sec. (6986025.85 ticks, tree = 115294.90 MB, solutions = 27)
Nodefile size = 113119.66 MB (104885.76 MB after compression)
 123532 113645   230292.7162  1242   231606.7700   218439.4792 24676297    5.69%
 123974 113701   229979.5118  1563   231606.7700   218439.4792 24683686    5.69%
 124411 113814   226102.3721  2009   231606.7700   218439.4792 24701738    5.69%
 124770 113759   225901.4724  1984   231606.7700   218439.4792 24704593    5.69%
